-------------------------------------------------------------------------------
Test set: com.wwsis.miniblog.dao.TestMessageDao
-------------------------------------------------------------------------------
Tests run: 1, Failures: 0, Errors: 1, Skipped: 0, Time elapsed: 0.156 s <<< FAILURE! - in com.wwsis.miniblog.dao.TestMessageDao
xxx(com.wwsis.miniblog.dao.TestMessageDao)  Time elapsed: 0 s  <<< ERROR!
java.lang.IllegalStateException: Failed to load ApplicationContext
Caused by: org.springframework.beans.factory.BeanCreationException: Error creating bean with name 'entityManagerFactoryBean' defined in class path resource [applicationContext-test.xml]: Invocation of init method failed; nested exception is org.hibernate.AnnotationException: No identifier specified for entity: com.wwsis.miniblog.model.Follower
Caused by: org.hibernate.AnnotationException: No identifier specified for entity: com.wwsis.miniblog.model.Follower

